<?xml version="1.0" encoding="UTF-8"?>
<!-- Generated by org.testng.reporters.JUnitReportReporter -->
<testsuite hostname="AZ-HYD-LPT-04" failures="0" tests="2" name="TestCases.TC_001" time="1.399" errors="0" timestamp="2024-08-14T12:12:46 IST" skipped="0">
  <testcase classname="TestCases.TC_001" name="name" time="0.733"/>
  <testcase classname="TestCases.TC_001" name="name" time="0.666"/>
</testsuite> <!-- TestCases.TC_001 -->
