<?xml version="1.0" encoding="UTF-8"?>
<!-- Generated by org.testng.reporters.JUnitReportReporter -->
<testsuite hostname="AZ-HYD-LPT-04" failures="0" tests="2" name="TestCases.TC_002" time="0.688" errors="0" timestamp="2024-08-14T12:12:46 IST" skipped="0">
  <testcase classname="TestCases.TC_002" name="Login" time="0.247"/>
  <testcase classname="TestCases.TC_002" name="Add_To_Cart" time="0.441"/>
</testsuite> <!-- TestCases.TC_002 -->
